[22:40:03] [ServerMain/INFO]: Environment: Environment[sessionHost=https://sessionserver.mojang.com, servicesHost=https://api.minecraftservices.com, name=PROD]
[22:40:09] [ServerMain/INFO]: Loaded 1290 recipes
[22:40:10] [ServerMain/INFO]: Loaded 1399 advancements
[22:40:12] [Server thread/INFO]: Starting minecraft server version 1.21.1
[22:40:12] [Server thread/INFO]: Loading properties
[22:40:12] [Server thread/INFO]: Default game type: SURVIVAL
[22:40:12] [Server thread/INFO]: Generating keypair
[22:40:12] [Server thread/INFO]: Starting Minecraft server on *:25565
[22:40:13] [Server thread/INFO]: Using default channel type
[22:40:13] [Server thread/WARN]: **** SERVER IS RUNNING IN OFFLINE/INSECURE MODE!
[22:40:13] [Server thread/WARN]: The server will make no attempt to authenticate usernames. Beware.
[22:40:13] [Server thread/WARN]: While this makes the game possible to play without internet access, it also opens up the ability for hackers to connect with any username they choose.
[22:40:13] [Server thread/WARN]: To change this, set "online-mode" to "true" in the server.properties file.
[22:40:13] [Server thread/INFO]: Preparing level "world"
[22:40:17] [Server thread/INFO]: Preparing start region for dimension minecraft:overworld
[22:40:18] [Worker-Main-5/INFO]: Preparing spawn area: 0%
[22:40:18] [Worker-Main-5/INFO]: Preparing spawn area: 0%
[22:40:18] [Server thread/INFO]: Time elapsed: 1142 ms
[22:40:18] [Server thread/INFO]: Done (5.264s)! For help, type "help"
[22:40:37] [Server thread/INFO]: BlockSmith[/127.0.0.1:54486] logged in with entity id 68 at (346.5, 62.0, 600.5)
[22:40:37] [Server thread/INFO]: BlockSmith joined the game
[22:40:38] [Server thread/INFO]: [Not Secure] <BlockSmith> Dashboard is live at http://localhost:3000
[22:40:51] [Server thread/WARN]: Can't keep up! Is the server overloaded? Running 2029ms or 40 ticks behind
[22:41:02] [Server thread/INFO]: DramaticSage[/127.0.0.1:51005] logged in with entity id 242 at (315.0648320991584, 70.5625, 626.3793401015386)
[22:41:02] [Server thread/INFO]: DramaticSage joined the game
[22:41:05] [Server thread/INFO]: [Not Secure] <BlockSmith> Welcome to the server, DramaticSage! Let me know if you need any building advice.
[22:41:13] [Server thread/WARN]: Can't keep up! Is the server overloaded? Running 2003ms or 40 ticks behind
[22:41:17] [Server thread/INFO]: [Not Secure] <DramaticSage> build
[22:41:32] [Server thread/WARN]: Can't keep up! Is the server overloaded? Running 4216ms or 84 ticks behind
[22:41:49] [Server thread/WARN]: Can't keep up! Is the server overloaded? Running 2268ms or 45 ticks behind
[22:42:13] [Server thread/WARN]: Can't keep up! Is the server overloaded? Running 8976ms or 179 ticks behind
[22:42:39] [Server thread/WARN]: Can't keep up! Is the server overloaded? Running 2000ms or 40 ticks behind
[22:42:45] [Server thread/INFO]: [Not Secure] <DramaticSage> build house
[22:43:10] [Server thread/INFO]: DramaticSage has made the advancement [Sweet Dreams]
[22:43:19] [Server thread/WARN]: Can't keep up! Is the server overloaded? Running 24752ms or 495 ticks behind
[22:43:44] [Server thread/WARN]: Can't keep up! Is the server overloaded? Running 10336ms or 206 ticks behind
[22:44:02] [Server thread/WARN]: Can't keep up! Is the server overloaded? Running 2701ms or 54 ticks behind
[22:44:21] [Server thread/WARN]: Can't keep up! Is the server overloaded? Running 3684ms or 73 ticks behind
[22:44:39] [Server thread/WARN]: Can't keep up! Is the server overloaded? Running 2006ms or 40 ticks behind
[22:44:59] [Server thread/WARN]: Can't keep up! Is the server overloaded? Running 4480ms or 89 ticks behind
[22:45:16] [Server thread/WARN]: Can't keep up! Is the server overloaded? Running 2439ms or 48 ticks behind
[22:45:34] [Server thread/WARN]: Can't keep up! Is the server overloaded? Running 2002ms or 40 ticks behind
[22:46:06] [Server thread/WARN]: Can't keep up! Is the server overloaded? Running 16485ms or 329 ticks behind
[22:46:24] [Server thread/WARN]: Can't keep up! Is the server overloaded? Running 3128ms or 62 ticks behind
[22:46:28] [Server thread/INFO]: [Not Secure] <BlockSmith> I'm in danger but I don't have a home to run to! Set one with /sethome.
[22:46:30] [Server thread/INFO]: [Not Secure] <BlockSmith> I'm in danger but I don't have a home to run to! Set one with /sethome.
[22:46:32] [Server thread/INFO]: [Not Secure] <BlockSmith> I'm in danger but I don't have a home to run to! Set one with /sethome.
[22:46:34] [Server thread/INFO]: [Not Secure] <BlockSmith> I'm in danger but I don't have a home to run to! Set one with /sethome.
[22:46:36] [Server thread/INFO]: [Not Secure] <BlockSmith> I'm in danger but I don't have a home to run to! Set one with /sethome.
[22:46:38] [Server thread/INFO]: [Not Secure] <BlockSmith> I'm in danger but I don't have a home to run to! Set one with /sethome.
[22:46:40] [Server thread/INFO]: [Not Secure] <BlockSmith> I'm in danger but I don't have a home to run to! Set one with /sethome.
[22:46:42] [Server thread/INFO]: [Not Secure] <BlockSmith> I'm in danger but I don't have a home to run to! Set one with /sethome.
[22:46:44] [Server thread/INFO]: [Not Secure] <BlockSmith> I'm in danger but I don't have a home to run to! Set one with /sethome.
[22:46:44] [Server thread/WARN]: Can't keep up! Is the server overloaded? Running 5308ms or 106 ticks behind
[22:46:46] [Server thread/INFO]: [Not Secure] <BlockSmith> I'm in danger but I don't have a home to run to! Set one with /sethome.
[22:46:48] [Server thread/INFO]: [Not Secure] <BlockSmith> I'm in danger but I don't have a home to run to! Set one with /sethome.
[22:46:50] [Server thread/INFO]: [Not Secure] <BlockSmith> I'm in danger but I don't have a home to run to! Set one with /sethome.
[22:46:55] [Server thread/INFO]: [Not Secure] <BlockSmith> I'm in danger but I don't have a home to run to! Set one with /sethome.
[22:46:56] [Server thread/INFO]: [Not Secure] <BlockSmith> I'm in danger but I don't have a home to run to! Set one with /sethome.
[22:47:00] [Server thread/INFO]: [Not Secure] <BlockSmith> I'm in danger but I don't have a home to run to! Set one with /sethome.
[22:47:00] [Server thread/INFO]: [Not Secure] <BlockSmith> I'm in danger but I don't have a home to run to! Set one with /sethome.
[22:47:01] [Server thread/INFO]: [Not Secure] <BlockSmith> I'm in danger but I don't have a home to run to! Set one with /sethome.
[22:47:02] [Server thread/INFO]: [Not Secure] <BlockSmith> I'm in danger but I don't have a home to run to! Set one with /sethome.
[22:47:02] [Server thread/INFO]: [Not Secure] <BlockSmith> I'm in danger but I don't have a home to run to! Set one with /sethome.
[22:47:03] [Server thread/WARN]: Can't keep up! Is the server overloaded? Running 3575ms or 71 ticks behind
[22:47:03] [Server thread/INFO]: BlockSmith was blown up by Creeper
[22:47:03] [Server thread/INFO]: [Not Secure] <BlockSmith> I'm in danger but I don't have a home to run to! Set one with /sethome.
[22:47:04] [Server thread/INFO]: [Not Secure] <BlockSmith> Oh no, a fallen builder! Don't worry, every great structure is built on the foundations of a few mistakes.
[22:47:21] [Server thread/WARN]: Can't keep up! Is the server overloaded? Running 3242ms or 64 ticks behind
[22:48:09] [Server thread/WARN]: Can't keep up! Is the server overloaded? Running 2040ms or 40 ticks behind
[22:48:38] [Server thread/WARN]: Can't keep up! Is the server overloaded? Running 14360ms or 287 ticks behind
[22:49:02] [Server thread/WARN]: Can't keep up! Is the server overloaded? Running 2020ms or 40 ticks behind
[22:49:23] [Server thread/WARN]: Can't keep up! Is the server overloaded? Running 6354ms or 127 ticks behind
[22:49:46] [Server thread/WARN]: Can't keep up! Is the server overloaded? Running 7878ms or 157 ticks behind
[22:50:05] [Server thread/WARN]: Can't keep up! Is the server overloaded? Running 4354ms or 87 ticks behind
[22:50:29] [Server thread/WARN]: Can't keep up! Is the server overloaded? Running 8637ms or 172 ticks behind
[22:54:52] [Server thread/WARN]: Can't keep up! Is the server overloaded? Running 2061ms or 41 ticks behind
[22:55:48] [Server thread/WARN]: Can't keep up! Is the server overloaded? Running 2021ms or 40 ticks behind
[22:56:11] [Server thread/WARN]: Can't keep up! Is the server overloaded? Running 2015ms or 40 ticks behind
[22:56:43] [Server thread/WARN]: Can't keep up! Is the server overloaded? Running 2021ms or 40 ticks behind
[22:57:14] [Server thread/WARN]: Can't keep up! Is the server overloaded? Running 15467ms or 309 ticks behind
[22:57:24] [Server thread/INFO]: BlockSmith lost connection: Disconnected
[22:57:24] [Server thread/INFO]: BlockSmith left the game
[22:57:29] [Server thread/INFO]: Stopping server
[22:57:29] [Server thread/INFO]: Saving players
[22:57:29] [Server thread/INFO]: DramaticSage lost connection: Server closed
[22:57:29] [Server thread/INFO]: DramaticSage left the game
[22:57:29] [Server thread/INFO]: Saving worlds
